# JRE version: Java(TM) SE Runtime Environment (17.0.12+8) (build 17.0.12+8-LTS-286)
# Java VM: Java HotSpot(TM) 64-Bit Server VM (17.0.12+8-LTS-286, mixed mode, sharing, tiered, compressed oops, compressed class ptrs, g1 gc, windows-amd64)
GC Precious Log:
 CPUs: 8 total, 8 available
 Memory: 16262M
 Large Page Support: Disabled
 NUMA Support: Disabled
 Compressed Oops: Enabled (Zero based)
 Heap Region Size: 2M
 Heap Min Capacity: 8M
 Heap Initial Capacity: 256M
 Heap Max Capacity: 4066M
 Pre-touch: Disabled
 Parallel Workers: 8
 Concurrent Workers: 2
 Concurrent Refinement Workers: 8
 Periodic GC: Disabled
Heap:
 garbage-first heap   total 385024K, used 157609K [0x0000000701e00000, 0x0000000800000000)
  region size 2048K, 1 young (2048K), 1 survivors (2048K)
 Metaspace       used 31516K, committed 31872K, reserved 1114112K
  class space    used 3355K, committed 3520K, reserved 1048576K
GC Heap History (20 events):
Event: 4.746 GC heap after
{Heap after GC invocations=9 (full 0):
 garbage-first heap   total 192512K, used 66957K [0x0000000701e00000, 0x0000000800000000)
  region size 2048K, 1 young (2048K), 1 survivors (2048K)
 Metaspace       used 29641K, committed 29952K, reserved 1114112K
  class space    used 3173K, committed 3328K, reserved 1048576K
}
Event: 4.903 GC heap before
{Heap before GC invocations=9 (full 0):
 garbage-first heap   total 192512K, used 91533K [0x0000000701e00000, 0x0000000800000000)
  region size 2048K, 6 young (12288K), 1 survivors (2048K)
 Metaspace       used 30589K, committed 30976K, reserved 1114112K
  class space    used 3285K, committed 3456K, reserved 1048576K
}
Event: 4.905 GC heap after
{Heap after GC invocations=10 (full 0):
 garbage-first heap   total 192512K, used 83655K [0x0000000701e00000, 0x0000000800000000)
  region size 2048K, 1 young (2048K), 1 survivors (2048K)
 Metaspace       used 30589K, committed 30976K, reserved 1114112K
  class space    used 3285K, committed 3456K, reserved 1048576K
}
Event: 4.959 GC heap before
{Heap before GC invocations=10 (full 0):
 garbage-first heap   total 192512K, used 93895K [0x0000000701e00000, 0x0000000800000000)
  region size 2048K, 3 young (6144K), 1 survivors (2048K)
 Metaspace       used 31011K, committed 31360K, reserved 1114112K
  class space    used 3324K, committed 3456K, reserved 1048576K
}
Event: 4.963 GC heap after
{Heap after GC invocations=11 (full 0):
 garbage-first heap   total 192512K, used 84008K [0x0000000701e00000, 0x0000000800000000)
  region size 2048K, 1 young (2048K), 1 survivors (2048K)
 Metaspace       used 31011K, committed 31360K, reserved 1114112K
  class space    used 3324K, committed 3456K, reserved 1048576K
}
Event: 5.023 GC heap before
{Heap before GC invocations=11 (full 0):
 garbage-first heap   total 192512K, used 88104K [0x0000000701e00000, 0x0000000800000000)
  region size 2048K, 2 young (4096K), 1 survivors (2048K)
 Metaspace       used 31196K, committed 31488K, reserved 1114112K
  class space    used 3336K, committed 3456K, reserved 1048576K
}
Event: 5.026 GC heap after
{Heap after GC invocations=12 (full 0):
 garbage-first heap   total 385024K, used 88308K [0x0000000701e00000, 0x0000000800000000)
  region size 2048K, 1 young (2048K), 1 survivors (2048K)
 Metaspace       used 31196K, committed 31488K, reserved 1114112K
  class space    used 3336K, committed 3456K, reserved 1048576K
}
Event: 5.595 GC heap before
{Heap before GC invocations=12 (full 0):
 garbage-first heap   total 385024K, used 172276K [0x0000000701e00000, 0x0000000800000000)
  region size 2048K, 3 young (6144K), 1 survivors (2048K)
 Metaspace       used 31225K, committed 31616K, reserved 1114112K
  class space    used 3337K, committed 3520K, reserved 1048576K
}
Event: 5.597 GC heap after
{Heap after GC invocations=13 (full 0):
 garbage-first heap   total 385024K, used 157963K [0x0000000701e00000, 0x0000000800000000)
  region size 2048K, 1 young (2048K), 1 survivors (2048K)
 Metaspace       used 31225K, committed 31616K, reserved 1114112K
  class space    used 3337K, committed 3520K, reserved 1048576K
}
Event: 5.664 GC heap before
{Heap before GC invocations=13 (full 0):
 garbage-first heap   total 385024K, used 172299K [0x0000000701e00000, 0x0000000800000000)
  region size 2048K, 3 young (6144K), 1 survivors (2048K)
 Metaspace       used 31228K, committed 31616K, reserved 1114112K
  class space    used 3337K, committed 3520K, reserved 1048576K
}
Event: 5.666 GC heap after
{Heap after GC invocations=14 (full 0):
 garbage-first heap   total 385024K, used 96575K [0x0000000701e00000, 0x0000000800000000)
  region size 2048K, 1 young (2048K), 1 survivors (2048K)
 Metaspace       used 31228K, committed 31616K, reserved 1114112K
  class space    used 3337K, committed 3520K, reserved 1048576K
}
Event: 6.099 GC heap before
{Heap before GC invocations=14 (full 0):
 garbage-first heap   total 385024K, used 180543K [0x0000000701e00000, 0x0000000800000000)
  region size 2048K, 7 young (14336K), 1 survivors (2048K)
 Metaspace       used 31507K, committed 31872K, reserved 1114112K
  class space    used 3355K, committed 3520K, reserved 1048576K
}
Event: 6.101 GC heap after
{Heap after GC invocations=15 (full 0):
 garbage-first heap   total 385024K, used 157804K [0x0000000701e00000, 0x0000000800000000)
  region size 2048K, 1 young (2048K), 1 survivors (2048K)
 Metaspace       used 31507K, committed 31872K, reserved 1114112K
  class space    used 3355K, committed 3520K, reserved 1048576K
}
Event: 6.170 GC heap before
{Heap before GC invocations=15 (full 0):
 garbage-first heap   total 385024K, used 172140K [0x0000000701e00000, 0x0000000800000000)
  region size 2048K, 3 young (6144K), 1 survivors (2048K)
 Metaspace       used 31507K, committed 31872K, reserved 1114112K
  class space    used 3355K, committed 3520K, reserved 1048576K
}
Event: 6.172 GC heap after
{Heap after GC invocations=16 (full 0):
 garbage-first heap   total 385024K, used 96149K [0x0000000701e00000, 0x0000000800000000)
  region size 2048K, 1 young (2048K), 1 survivors (2048K)
 Metaspace       used 31507K, committed 31872K, reserved 1114112K
  class space    used 3355K, committed 3520K, reserved 1048576K
}
Event: 6.577 GC heap before
{Heap before GC invocations=16 (full 0):
 garbage-first heap   total 385024K, used 171925K [0x0000000701e00000, 0x0000000800000000)
  region size 2048K, 3 young (6144K), 1 survivors (2048K)
 Metaspace       used 31512K, committed 31872K, reserved 1114112K
  class space    used 3355K, committed 3520K, reserved 1048576K
}
Event: 6.579 GC heap after
{Heap after GC invocations=17 (full 0):
 garbage-first heap   total 385024K, used 157587K [0x0000000701e00000, 0x0000000800000000)
  region size 2048K, 1 young (2048K), 1 survivors (2048K)
 Metaspace       used 31512K, committed 31872K, reserved 1114112K
  class space    used 3355K, committed 3520K, reserved 1048576K
}
Event: 6.641 GC heap before
{Heap before GC invocations=17 (full 0):
 garbage-first heap   total 385024K, used 169875K [0x0000000701e00000, 0x0000000800000000)
  region size 2048K, 2 young (4096K), 1 survivors (2048K)
 Metaspace       used 31512K, committed 31872K, reserved 1114112K
  class space    used 3355K, committed 3520K, reserved 1048576K
}
Event: 6.642 GC heap after
{Heap after GC invocations=18 (full 0):
 garbage-first heap   total 385024K, used 96191K [0x0000000701e00000, 0x0000000800000000)
  region size 2048K, 1 young (2048K), 1 survivors (2048K)
 Metaspace       used 31512K, committed 31872K, reserved 1114112K
  class space    used 3355K, committed 3520K, reserved 1048576K
}
Event: 6.973 GC heap before
{Heap before GC invocations=18 (full 0):
 garbage-first heap   total 385024K, used 171967K [0x0000000701e00000, 0x0000000800000000)
  region size 2048K, 3 young (6144K), 1 survivors (2048K)
 Metaspace       used 31516K, committed 31872K, reserved 1114112K
  class space    used 3355K, committed 3520K, reserved 1048576K
}

