# JRE version: Java(TM) SE Runtime Environment (17.0.12+8) (build 17.0.12+8-LTS-286)
# Java VM: Java HotSpot(TM) 64-Bit Server VM (17.0.12+8-LTS-286, mixed mode, sharing, tiered, compressed oops, compressed class ptrs, g1 gc, windows-amd64)
GC Precious Log:
 CPUs: 8 total, 8 available
 Memory: 16262M
 Large Page Support: Disabled
 NUMA Support: Disabled
 Compressed Oops: Enabled (Zero based)
 Heap Region Size: 2M
 Heap Min Capacity: 8M
 Heap Initial Capacity: 256M
 Heap Max Capacity: 4066M
 Pre-touch: Disabled
 Parallel Workers: 8
 Concurrent Workers: 2
 Concurrent Refinement Workers: 8
 Periodic GC: Disabled
Heap:
 garbage-first heap   total 227328K, used 121111K [0x0000000701e00000, 0x0000000800000000)
  region size 2048K, 34 young (69632K), 5 survivors (10240K)
 Metaspace       used 32022K, committed 32448K, reserved 1114112K
  class space    used 3612K, committed 3840K, reserved 1048576K
GC Heap History (20 events):
Event: 1.168 GC heap before
{Heap before GC invocations=1 (full 0):
 garbage-first heap   total 262144K, used 34463K [0x0000000701e00000, 0x0000000800000000)
  region size 2048K, 17 young (34816K), 2 survivors (4096K)
 Metaspace       used 9761K, committed 9920K, reserved 1114112K
  class space    used 1193K, committed 1280K, reserved 1048576K
}
Event: 1.172 GC heap after
{Heap after GC invocations=2 (full 0):
 garbage-first heap   total 262144K, used 5334K [0x0000000701e00000, 0x0000000800000000)
  region size 2048K, 1 young (2048K), 1 survivors (2048K)
 Metaspace       used 9761K, committed 9920K, reserved 1114112K
  class space    used 1193K, committed 1280K, reserved 1048576K
}
Event: 3.094 GC heap before
{Heap before GC invocations=2 (full 0):
 garbage-first heap   total 262144K, used 158934K [0x0000000701e00000, 0x0000000800000000)
  region size 2048K, 76 young (155648K), 1 survivors (2048K)
 Metaspace       used 16214K, committed 16384K, reserved 1114112K
  class space    used 1867K, committed 1920K, reserved 1048576K
}
Event: 3.104 GC heap after
{Heap after GC invocations=3 (full 0):
 garbage-first heap   total 262144K, used 14369K [0x0000000701e00000, 0x0000000800000000)
  region size 2048K, 6 young (12288K), 6 survivors (12288K)
 Metaspace       used 16214K, committed 16384K, reserved 1114112K
  class space    used 1867K, committed 1920K, reserved 1048576K
}
Event: 4.398 GC heap before
{Heap before GC invocations=3 (full 0):
 garbage-first heap   total 262144K, used 77857K [0x0000000701e00000, 0x0000000800000000)
  region size 2048K, 38 young (77824K), 6 survivors (12288K)
 Metaspace       used 21249K, committed 21504K, reserved 1114112K
  class space    used 2459K, committed 2560K, reserved 1048576K
}
Event: 4.407 GC heap after
{Heap after GC invocations=4 (full 0):
 garbage-first heap   total 262144K, used 17849K [0x0000000701e00000, 0x0000000800000000)
  region size 2048K, 7 young (14336K), 7 survivors (14336K)
 Metaspace       used 21249K, committed 21504K, reserved 1114112K
  class space    used 2459K, committed 2560K, reserved 1048576K
}
Event: 4.938 GC heap before
{Heap before GC invocations=5 (full 0):
 garbage-first heap   total 75776K, used 52665K [0x0000000701e00000, 0x0000000800000000)
  region size 2048K, 22 young (45056K), 7 survivors (14336K)
 Metaspace       used 25236K, committed 25472K, reserved 1114112K
  class space    used 2885K, committed 3008K, reserved 1048576K
}
Event: 4.957 GC heap after
{Heap after GC invocations=6 (full 0):
 garbage-first heap   total 83968K, used 37311K [0x0000000701e00000, 0x0000000800000000)
  region size 2048K, 3 young (6144K), 3 survivors (6144K)
 Metaspace       used 25236K, committed 25472K, reserved 1114112K
  class space    used 2885K, committed 3008K, reserved 1048576K
}
Event: 4.972 GC heap before
{Heap before GC invocations=6 (full 0):
 garbage-first heap   total 83968K, used 37311K [0x0000000701e00000, 0x0000000800000000)
  region size 2048K, 4 young (8192K), 3 survivors (6144K)
 Metaspace       used 25241K, committed 25472K, reserved 1114112K
  class space    used 2885K, committed 3008K, reserved 1048576K
}
Event: 4.976 GC heap after
{Heap after GC invocations=7 (full 0):
 garbage-first heap   total 83968K, used 38363K [0x0000000701e00000, 0x0000000800000000)
  region size 2048K, 1 young (2048K), 1 survivors (2048K)
 Metaspace       used 25241K, committed 25472K, reserved 1114112K
  class space    used 2885K, committed 3008K, reserved 1048576K
}
Event: 5.062 GC heap before
{Heap before GC invocations=7 (full 0):
 garbage-first heap   total 83968K, used 48603K [0x0000000701e00000, 0x0000000800000000)
  region size 2048K, 8 young (16384K), 1 survivors (2048K)
 Metaspace       used 25248K, committed 25472K, reserved 1114112K
  class space    used 2885K, committed 3008K, reserved 1048576K
}
Event: 5.066 GC heap after
{Heap after GC invocations=8 (full 0):
 garbage-first heap   total 83968K, used 43726K [0x0000000701e00000, 0x0000000800000000)
  region size 2048K, 2 young (4096K), 2 survivors (4096K)
 Metaspace       used 25248K, committed 25472K, reserved 1114112K
  class space    used 2885K, committed 3008K, reserved 1048576K
}
Event: 5.157 GC heap before
{Heap before GC invocations=9 (full 0):
 garbage-first heap   total 96256K, used 60110K [0x0000000701e00000, 0x0000000800000000)
  region size 2048K, 9 young (18432K), 2 survivors (4096K)
 Metaspace       used 25253K, committed 25536K, reserved 1114112K
  class space    used 2885K, committed 3008K, reserved 1048576K
}
Event: 5.166 GC heap after
{Heap after GC invocations=10 (full 0):
 garbage-first heap   total 96256K, used 50133K [0x0000000701e00000, 0x0000000800000000)
  region size 2048K, 2 young (4096K), 2 survivors (4096K)
 Metaspace       used 25253K, committed 25536K, reserved 1114112K
  class space    used 2885K, committed 3008K, reserved 1048576K
}
Event: 5.195 GC heap before
{Heap before GC invocations=10 (full 0):
 garbage-first heap   total 96256K, used 52181K [0x0000000701e00000, 0x0000000800000000)
  region size 2048K, 3 young (6144K), 2 survivors (4096K)
 Metaspace       used 25263K, committed 25536K, reserved 1114112K
  class space    used 2885K, committed 3008K, reserved 1048576K
}
Event: 5.202 GC heap after
{Heap after GC invocations=11 (full 0):
 garbage-first heap   total 96256K, used 50466K [0x0000000701e00000, 0x0000000800000000)
  region size 2048K, 1 young (2048K), 1 survivors (2048K)
 Metaspace       used 25263K, committed 25536K, reserved 1114112K
  class space    used 2885K, committed 3008K, reserved 1048576K
}
Event: 5.241 GC heap before
{Heap before GC invocations=11 (full 0):
 garbage-first heap   total 96256K, used 52514K [0x0000000701e00000, 0x0000000800000000)
  region size 2048K, 3 young (6144K), 1 survivors (2048K)
 Metaspace       used 25264K, committed 25536K, reserved 1114112K
  class space    used 2885K, committed 3008K, reserved 1048576K
}
Event: 5.244 GC heap after
{Heap after GC invocations=12 (full 0):
 garbage-first heap   total 227328K, used 51442K [0x0000000701e00000, 0x0000000800000000)
  region size 2048K, 1 young (2048K), 1 survivors (2048K)
 Metaspace       used 25264K, committed 25536K, reserved 1114112K
  class space    used 2885K, committed 3008K, reserved 1048576K
}
Event: 6.163 GC heap before
{Heap before GC invocations=12 (full 0):
 garbage-first heap   total 227328K, used 121074K [0x0000000701e00000, 0x0000000800000000)
  region size 2048K, 34 young (69632K), 1 survivors (2048K)
 Metaspace       used 27763K, committed 28096K, reserved 1114112K
  class space    used 3166K, committed 3328K, reserved 1048576K
}
Event: 6.173 GC heap after
{Heap after GC invocations=13 (full 0):
 garbage-first heap   total 227328K, used 63767K [0x0000000701e00000, 0x0000000800000000)
  region size 2048K, 5 young (10240K), 5 survivors (10240K)
 Metaspace       used 27763K, committed 28096K, reserved 1114112K
  class space    used 3166K, committed 3328K, reserved 1048576K
}

