# JRE version: Java(TM) SE Runtime Environment (17.0.12+8) (build 17.0.12+8-LTS-286)
# Java VM: Java HotSpot(TM) 64-Bit Server VM (17.0.12+8-LTS-286, mixed mode, sharing, tiered, compressed oops, compressed class ptrs, g1 gc, windows-amd64)
GC Precious Log:
 CPUs: 8 total, 8 available
 Memory: 16262M
 Large Page Support: Disabled
 NUMA Support: Disabled
 Compressed Oops: Enabled (Zero based)
 Heap Region Size: 2M
 Heap Min Capacity: 8M
 Heap Initial Capacity: 256M
 Heap Max Capacity: 4066M
 Pre-touch: Disabled
 Parallel Workers: 8
 Concurrent Workers: 2
 Concurrent Refinement Workers: 8
 Periodic GC: Disabled
Heap:
 garbage-first heap   total 354304K, used 154765K [0x0000000701e00000, 0x0000000800000000)
  region size 2048K, 6 young (12288K), 3 survivors (6144K)
 Metaspace       used 33066K, committed 33472K, reserved 1114112K
  class space    used 3532K, committed 3712K, reserved 1048576K
GC Heap History (20 events):
Event: 9.172 GC heap before
{Heap before GC invocations=33 (full 0):
 garbage-first heap   total 354304K, used 150174K [0x0000000701e00000, 0x0000000800000000)
  region size 2048K, 2 young (4096K), 1 survivors (2048K)
 Metaspace       used 31445K, committed 31808K, reserved 1114112K
  class space    used 3348K, committed 3520K, reserved 1048576K
}
Event: 9.173 GC heap after
{Heap after GC invocations=34 (full 0):
 garbage-first heap   total 354304K, used 101028K [0x0000000701e00000, 0x0000000800000000)
  region size 2048K, 1 young (2048K), 1 survivors (2048K)
 Metaspace       used 31445K, committed 31808K, reserved 1114112K
  class space    used 3348K, committed 3520K, reserved 1048576K
}
Event: 9.436 GC heap before
{Heap before GC invocations=34 (full 0):
 garbage-first heap   total 354304K, used 152228K [0x0000000701e00000, 0x0000000800000000)
  region size 2048K, 3 young (6144K), 1 survivors (2048K)
 Metaspace       used 31446K, committed 31808K, reserved 1114112K
  class space    used 3348K, committed 3520K, reserved 1048576K
}
Event: 9.438 GC heap after
{Heap after GC invocations=35 (full 0):
 garbage-first heap   total 354304K, used 125604K [0x0000000701e00000, 0x0000000800000000)
  region size 2048K, 1 young (2048K), 1 survivors (2048K)
 Metaspace       used 31446K, committed 31808K, reserved 1114112K
  class space    used 3348K, committed 3520K, reserved 1048576K
}
Event: 9.571 GC heap before
{Heap before GC invocations=35 (full 0):
 garbage-first heap   total 354304K, used 150180K [0x0000000701e00000, 0x0000000800000000)
  region size 2048K, 2 young (4096K), 1 survivors (2048K)
 Metaspace       used 31463K, committed 31808K, reserved 1114112K
  class space    used 3348K, committed 3520K, reserved 1048576K
}
Event: 9.572 GC heap after
{Heap after GC invocations=36 (full 0):
 garbage-first heap   total 354304K, used 101033K [0x0000000701e00000, 0x0000000800000000)
  region size 2048K, 1 young (2048K), 1 survivors (2048K)
 Metaspace       used 31463K, committed 31808K, reserved 1114112K
  class space    used 3348K, committed 3520K, reserved 1048576K
}
Event: 9.864 GC heap before
{Heap before GC invocations=36 (full 0):
 garbage-first heap   total 354304K, used 152233K [0x0000000701e00000, 0x0000000800000000)
  region size 2048K, 3 young (6144K), 1 survivors (2048K)
 Metaspace       used 31467K, committed 31872K, reserved 1114112K
  class space    used 3348K, committed 3520K, reserved 1048576K
}
Event: 9.865 GC heap after
{Heap after GC invocations=37 (full 0):
 garbage-first heap   total 354304K, used 125619K [0x0000000701e00000, 0x0000000800000000)
  region size 2048K, 1 young (2048K), 1 survivors (2048K)
 Metaspace       used 31467K, committed 31872K, reserved 1114112K
  class space    used 3348K, committed 3520K, reserved 1048576K
}
Event: 9.994 GC heap before
{Heap before GC invocations=37 (full 0):
 garbage-first heap   total 354304K, used 152243K [0x0000000701e00000, 0x0000000800000000)
  region size 2048K, 3 young (6144K), 1 survivors (2048K)
 Metaspace       used 31469K, committed 31872K, reserved 1114112K
  class space    used 3348K, committed 3520K, reserved 1048576K
}
Event: 9.996 GC heap after
{Heap after GC invocations=38 (full 0):
 garbage-first heap   total 354304K, used 101044K [0x0000000701e00000, 0x0000000800000000)
  region size 2048K, 1 young (2048K), 1 survivors (2048K)
 Metaspace       used 31469K, committed 31872K, reserved 1114112K
  class space    used 3348K, committed 3520K, reserved 1048576K
}
Event: 10.263 GC heap before
{Heap before GC invocations=38 (full 0):
 garbage-first heap   total 354304K, used 154292K [0x0000000701e00000, 0x0000000800000000)
  region size 2048K, 4 young (8192K), 1 survivors (2048K)
 Metaspace       used 31537K, committed 31872K, reserved 1114112K
  class space    used 3355K, committed 3520K, reserved 1048576K
}
Event: 10.265 GC heap after
{Heap after GC invocations=39 (full 0):
 garbage-first heap   total 354304K, used 126415K [0x0000000701e00000, 0x0000000800000000)
  region size 2048K, 1 young (2048K), 1 survivors (2048K)
 Metaspace       used 31537K, committed 31872K, reserved 1114112K
  class space    used 3355K, committed 3520K, reserved 1048576K
}
Event: 10.459 GC heap before
{Heap before GC invocations=39 (full 0):
 garbage-first heap   total 354304K, used 171471K [0x0000000701e00000, 0x0000000800000000)
  region size 2048K, 12 young (24576K), 1 survivors (2048K)
 Metaspace       used 32216K, committed 32576K, reserved 1114112K
  class space    used 3416K, committed 3584K, reserved 1048576K
}
Event: 10.463 GC heap after
{Heap after GC invocations=40 (full 0):
 garbage-first heap   total 354304K, used 104384K [0x0000000701e00000, 0x0000000800000000)
  region size 2048K, 2 young (4096K), 2 survivors (4096K)
 Metaspace       used 32216K, committed 32576K, reserved 1114112K
  class space    used 3416K, committed 3584K, reserved 1048576K
}
Event: 10.887 GC heap before
{Heap before GC invocations=40 (full 0):
 garbage-first heap   total 354304K, used 165824K [0x0000000701e00000, 0x0000000800000000)
  region size 2048K, 9 young (18432K), 2 survivors (4096K)
 Metaspace       used 32723K, committed 33088K, reserved 1114112K
  class space    used 3489K, committed 3648K, reserved 1048576K
}
Event: 10.890 GC heap after
{Heap after GC invocations=41 (full 0):
 garbage-first heap   total 354304K, used 129709K [0x0000000701e00000, 0x0000000800000000)
  region size 2048K, 2 young (4096K), 2 survivors (4096K)
 Metaspace       used 32723K, committed 33088K, reserved 1114112K
  class space    used 3489K, committed 3648K, reserved 1048576K
}
Event: 11.088 GC heap before
{Heap before GC invocations=41 (full 0):
 garbage-first heap   total 354304K, used 156333K [0x0000000701e00000, 0x0000000800000000)
  region size 2048K, 4 young (8192K), 2 survivors (4096K)
 Metaspace       used 32727K, committed 33088K, reserved 1114112K
  class space    used 3489K, committed 3648K, reserved 1048576K
}
Event: 11.091 GC heap after
{Heap after GC invocations=42 (full 0):
 garbage-first heap   total 354304K, used 105137K [0x0000000701e00000, 0x0000000800000000)
  region size 2048K, 2 young (4096K), 2 survivors (4096K)
 Metaspace       used 32727K, committed 33088K, reserved 1114112K
  class space    used 3489K, committed 3648K, reserved 1048576K
}
Event: 11.440 GC heap before
{Heap before GC invocations=42 (full 0):
 garbage-first heap   total 354304K, used 158385K [0x0000000701e00000, 0x0000000800000000)
  region size 2048K, 5 young (10240K), 2 survivors (4096K)
 Metaspace       used 32915K, committed 33344K, reserved 1114112K
  class space    used 3511K, committed 3712K, reserved 1048576K
}
Event: 11.443 GC heap after
{Heap after GC invocations=43 (full 0):
 garbage-first heap   total 354304K, used 130189K [0x0000000701e00000, 0x0000000800000000)
  region size 2048K, 3 young (6144K), 3 survivors (6144K)
 Metaspace       used 32915K, committed 33344K, reserved 1114112K
  class space    used 3511K, committed 3712K, reserved 1048576K
}

