<?xml version="1.0" encoding="UTF-8"?>
<testsuite xmlns:xsi="http://www.w3.org/2001/XMLSchema-instance" xsi:noNamespaceSchemaLocation="https://maven.apache.org/surefire/maven-surefire-plugin/xsd/surefire-test-report-3.0.xsd" version="3.0" name="TestSuite" time="101.269" tests="1" errors="0" skipped="0" failures="0">
  <properties>
[...]
</properties>
  <testcase name="scenario[&quot;Tc001 verify the edit functionality of the consumer support in all tab&quot;, &quot;To verify the support verification&quot;](1)" classname="com.web.test.automation.runner.Playground" time="91.612">
    <system-out><![CDATA[In on execution start
Execution type is: Web_UI
@Before class
@Data provider
+++++++++++++++++++++onTestStart++++++++++++++++++++
Execution started @ firefox browser & for type : Web UI

@Platform @PSupport @ConsumerSupportEditTikt @happyFlow
Scenario: Tc001 verify the edit functionality of the consumer support in all tab # src/test/java/com/web/test/automation/feature/PlatformSupport.feature:12
+++++++++++++++++++before hooks++++++++++++++++++
Execution started @ firefox browser & for type : Web UI
Default window size: 1280 * 720
Actual URL - https://portal.mvpin90days.com/auth/signin
Expected URL - https://portal.mvpin90days.com/auth/signin
  Given user is in the mvp90 application                                         # com.web.test.automation.steps_definitions.MvpPlatformSignInSteps.user_is_in_the_mvp90_application()
Successfully entered value -  platformadmin@mail.com in email box
  When user enters valid email                                                   # com.web.test.automation.steps_definitions.MvpPlatformSignInSteps.user_enters_valid_email()
Successfully entered value -  12345678 in password box
  And user enters valid password                                                 # com.web.test.automation.steps_definitions.MvpPlatformSignInSteps.user_enters_valid_password()
Successfully clicked on  -  SignIn Button
  And user clicks on signin button                                               # com.web.test.automation.steps_definitions.MvpPlatformSignInSteps.user_clicks_on_signin_button()
Text is -  Login successful!
Actual Text - Login successful!
Expected Text - Login successful!
Text is -  Home
Actual Text - Home
Expected Text - Home
  Then user should able to see home page                                         # com.web.test.automation.steps_definitions.MvpPlatformSignInSteps.user_should_able_to_see_home_page()
Successfully clicked on  -  Support BUtton
  When user clicks on support button                                             # com.web.test.automation.steps_definitions.PlatformSupportSteps.user_clicks_on_support_button()
Successfully clicked on  -  consumer Btn
  And user clicks on consumer button                                             # com.web.test.automation.steps_definitions.PlatformSupportSteps.user_clicks_on_consumer_button()
Text is -  Consumer Support
Actual Text - Consumer Support
Expected Text - Consumer Support
  Then user should able to see consumer support page                             # com.web.test.automation.steps_definitions.PlatformSupportSteps.user_should_able_to_see_consumer_support_page()
UnAssigned: 1
Assigned: 0
No Assigned tikts
  When user counts total tickets how many assigned and unassigned                # com.web.test.automation.steps_definitions.PlatformSupportSteps.user_counts_total_tickets_how_many_assigned_and_unassigned()
Element attribute: lucide lucide-circle-dot text-support-200
Open
Text is -  #1
1
Successfully clicked on  -  One of ticket
  And user clicks on ticket and status of the ticket                             # com.web.test.automation.steps_definitions.PlatformSupportSteps.user_clicks_on_ticket_and_status_of_the_ticket()
Text is -  1
Actual Text - 1
Expected Text - 1
  Then user should able to see the ticket id                                     # com.web.test.automation.steps_definitions.PlatformSupportSteps.user_should_able_to_see_the_ticket_id()
Successfully entered value -  abdhsjsjk in Description box
  When user edits the ticket details                                             # com.web.test.automation.steps_definitions.PlatformSupportSteps.user_edits_the_ticket_details()
Successfully clicked on  -  Save Button
  And user clicks on save button                                                 # com.web.test.automation.steps_definitions.PlatformAdmAministrationSteps.user_clicks_on_save_button()
Text is -  Support Ticket updated successfully
Actual Text - Support Ticket updated successfully
Expected Text - Support Ticket updated successfully
  Then user should able to see ticket updated successfully                       # com.web.test.automation.steps_definitions.PlatformSupportSteps.user_should_able_to_see_ticket_updated_successfully()
+++++++++++++++++++after hooks+++++++++++++++++++
Removing TC from totalTestCases: Tc001 verify the edit functionality of the consumer support in all tab
]]></system-out>
    <system-err><![CDATA[SLF4J: Failed to load class "org.slf4j.impl.StaticLoggerBinder".
SLF4J: Defaulting to no-operation (NOP) logger implementation
SLF4J: See http://www.slf4j.org/codes.html#StaticLoggerBinder for further details.
]]></system-err>
  </testcase>
</testsuite>