<?xml version="1.0" encoding="UTF-8"?>
<testng-results ignored="0" total="1" passed="1" failed="0" skipped="0">
  <reporter-output>
  </reporter-output>
  <suite started-at="2025-03-18T12:05:57 IST" name="Suite" finished-at="2025-03-18T12:07:36 IST" duration-ms="98583">
    <groups>
      <group name="cucumber">
        <method signature="Playground.scenario(io.cucumber.testng.PickleWrapper, io.cucumber.testng.FeatureWrapper)[pri:0, instance:com.web.test.automation.runner.Playground@78f5c518]" name="scenario" class="com.web.test.automation.runner.Playground"/>
      </group> <!-- cucumber -->
    </groups>
    <test started-at="2025-03-18T12:05:57 IST" name="Web" finished-at="2025-03-18T12:07:36 IST" duration-ms="98583">
      <class name="com.web.test.automation.runner.Playground">
        <test-method is-config="true" signature="setUpClass()[pri:0, instance:com.web.test.automation.runner.Playground@78f5c518]" started-at="2025-03-18T12:05:57 IST" name="setUpClass" finished-at="2025-03-18T12:06:01 IST" duration-ms="3319" status="PASS">
          <reporter-output>
          </reporter-output>
        </test-method> <!-- setUpClass -->
        <test-method signature="scenario(io.cucumber.testng.PickleWrapper, io.cucumber.testng.FeatureWrapper)[pri:0, instance:com.web.test.automation.runner.Playground@78f5c518]" started-at="2025-03-18T12:06:01 IST" name="scenario" description="Run Cucumber Scenario" data-provider="scenarios" finished-at="2025-03-18T12:07:31 IST" duration-ms="90469" status="PASS">
          <params>
            <param index="0">
              <value>
                <![CDATA["Tc001 verify the edit functionality of the consumer support in all tab"]]>
              </value>
            </param>
            <param index="1">
              <value>
                <![CDATA["To verify the support verification"]]>
              </value>
            </param>
          </params>
          <reporter-output>
          </reporter-output>
        </test-method> <!-- scenario -->
        <test-method is-config="true" signature="tearDownClass()[pri:0, instance:com.web.test.automation.runner.Playground@78f5c518]" started-at="2025-03-18T12:07:33 IST" name="tearDownClass" finished-at="2025-03-18T12:07:36 IST" duration-ms="3195" status="PASS">
          <reporter-output>
          </reporter-output>
        </test-method> <!-- tearDownClass -->
      </class> <!-- com.web.test.automation.runner.Playground -->
    </test> <!-- Web -->
  </suite> <!-- Suite -->
</testng-results>
